<?xml version="1.0" encoding="UTF-8"?>
<!-- Generated by org.testng.reporters.JUnitReportReporter -->
<testsuite hostname="L-INE-92QCQG3" failures="1" tests="6" name="TestRunner.CucumberTestRunner" time="38.328" errors="0" timestamp="2024-05-09T14:51:12 IST" skipped="0">
  <testcase classname="TestRunner.CucumberTestRunner" name="runScenario" time="4.869"/>
  <testcase classname="TestRunner.CucumberTestRunner" name="runScenario" time="4.048"/>
  <testcase classname="TestRunner.CucumberTestRunner" name="runScenario" time="4.286"/>
  <testcase classname="TestRunner.CucumberTestRunner" name="runScenario" time="9.168"/>
  <testcase classname="TestRunner.CucumberTestRunner" name="runScenario" time="11.933">
    <failure message="User is navigated to homepage expected [true] but found [false]" type="java.lang.AssertionError">
      <![CDATA[java.lang.AssertionError: User is navigated to homepage expected [true] but found [false]
at org.testng.Assert.fail(Assert.java:111)
at org.testng.Assert.failNotEquals(Assert.java:1578)
at org.testng.Assert.assertTrue(Assert.java:57)
at StepDefinitions.LoginStepsDefinition.user_is_navigated_to_home_page(LoginStepsDefinition.java:44)
at âœ½.User is navigated to Home Page(file:///C:/Users/sshirsat/eclipse-workspace/BDDFramework/src/test/resources/Features/login.feature:6)
]]>
    </failure>
  </testcase> <!-- runScenario -->
  <testcase classname="TestRunner.CucumberTestRunner" name="runScenario" time="4.024"/>
</testsuite> <!-- TestRunner.CucumberTestRunner -->
